[+] Containers:
 |- [+] Container: /Game/VehicleTemplate/Maps/VehicleOffroadExampleMap1
 |   |- [+] ActorDescs:
 |   |   |- Guid:266430CB470784FD9419C4A9D552F640 NativeClass:/Script/Engine.WorldDataLayers Name:WorldDataLayers Label:WorldDataLayers SpatiallyLoaded:false EditorBounds:IsValid=false, Min=(X=0.000 Y=0.000 Z=0.000), Max=(X=0.000 Y=0.000 Z=0.000) RuntimeBounds:IsValid=false, Min=(X=0.000 Y=0.000 Z=0.000), Max=(X=0.000 Y=0.000 Z=0.000) RuntimeGrid:None EditorOnly:false RuntimeOnly:false HLODRelevant:false ListedInSceneOutliner:true IsMainWorldOnly:true
 |   |- [+] Clusters:
 |   |   |- [+] [  0]
 |   |   |   |- Guid:266430CB470784FD9419C4A9D552F640 NativeClass:/Script/Engine.WorldDataLayers Name:WorldDataLayers Label:WorldDataLayers SpatiallyLoaded:false EditorBounds:IsValid=false, Min=(X=0.000 Y=0.000 Z=0.000), Max=(X=0.000 Y=0.000 Z=0.000) RuntimeBounds:IsValid=false, Min=(X=0.000 Y=0.000 Z=0.000), Max=(X=0.000 Y=0.000 Z=0.000) RuntimeGrid:None EditorOnly:false RuntimeOnly:false HLODRelevant:false ListedInSceneOutliner:true IsMainWorldOnly:true
 |- ContainerInstances:
 |- [+] MainContainer:
 |   |-        ID: 00000000000000000000000000000000
 |   |-  ParentID: 00000000000000000000000000000000
 |   |-    Bounds: IsValid=false, Min=(X=0.000 Y=0.000 Z=0.000), Max=(X=0.000 Y=0.000 Z=0.000)
 |   |- Transform: 0.000000,0.000000,0.000000|0.000000,0.000000,-0.000000|1.000000,1.000000,1.000000
 |   |- Container: /Game/VehicleTemplate/Maps/VehicleOffroadExampleMap1
----------------------------------------------------------------------------------------------------------------
VehicleOffroadExampleMap1 - Persistent Level
----------------------------------------------------------------------------------------------------------------
[+] Content of VehicleOffroadExampleMap1 Persistent Level
 |- Always loaded Actor Count: 1 
 |- Actor Path: /Game/VehicleTemplate/Maps/VehicleOffroadExampleMap1.VehicleOffroadExampleMap1:PersistentLevel.WorldDataLayers
 |- Actor Package: /Game/__ExternalActors__/VehicleTemplate/Maps/VehicleOffroadExampleMap1/E/PL/IPCB8D7DXR23REVM60H42C

----------------------------------------------------------------------------------------------------------------
VehicleOffroadExampleMap1 - Runtime Spatial Hash
----------------------------------------------------------------------------------------------------------------
[+] StreamingGrids
 |- [+] MainGrid
 |   |-             Origin: X=0.000 Y=0.000 Z=0.000
 |   |-          Cell Size: 25600
 |   |-       World Bounds: IsValid=false, Min=(X=0.000 Y=0.000 Z=0.000), Max=(X=0.000 Y=0.000 Z=0.000)
 |   |-      Loading Range: 76800.00
 |   |- Block Slow Loading: No
 |   |-  ClientOnlyVisible: No
 |   |- 
 |   |- [+] Grid Levels: 1
 |   |   |- Level  0: Cell Count    0 | Cell Size   25600 | Actor Count    0 (0.0%)
 |   |- 
 |   |- [+] Content of Grid Level 0
 |   |- 
